1607024829929	geckodriver	INFO	Listening on 127.0.0.1:57643
1607024829933	mozrunner::runner	INFO	Running command: "/usr/bin/firefox" "--marionette" "-foreground" "-no-remote" "-profile" "/tmp/rust_mozprofileWaZZn5"
Gtk-Message: 22:47:09.991: Failed to load module "pantheon-filechooser-module"
Gtk-Message: 22:47:11.015: Failed to load module "pantheon-filechooser-module"
Gtk-Message: 22:47:11.200: Failed to load module "pantheon-filechooser-module"
console.warn: SearchSettings: "get: No settings file exists, new profile?" (new Error("", "(unknown module)"))
Gtk-Message: 22:47:12.433: Failed to load module "pantheon-filechooser-module"
1607024832522	Marionette	INFO	Listening on port 36427
1607024832560	Marionette	WARN	TLS certificate errors will be ignored for this session
1607024963002	geckodriver	INFO	Listening on 127.0.0.1:58659
1607024963007	mozrunner::runner	INFO	Running command: "/usr/bin/firefox" "--marionette" "-foreground" "-no-remote" "-profile" "/tmp/rust_mozprofile61a6GS"
Gtk-Message: 22:49:23.049: Failed to load module "pantheon-filechooser-module"
Gtk-Message: 22:49:23.997: Failed to load module "pantheon-filechooser-module"
Gtk-Message: 22:49:24.168: Failed to load module "pantheon-filechooser-module"
console.warn: SearchSettings: "get: No settings file exists, new profile?" (new Error("", "(unknown module)"))
Gtk-Message: 22:49:25.071: Failed to load module "pantheon-filechooser-module"
1607024965167	Marionette	INFO	Listening on port 44115
1607024965234	Marionette	WARN	TLS certificate errors will be ignored for this session
[Child 39096, MediaDecoderStateMachine #1] WARNING: Decoder=7f6df6358c00 state=DECODING_METADATA Decode metadata failed, shutting down decoder: file /build/firefox-m6W5sP/firefox-83.0+build2/dom/media/MediaDecoderStateMachine.cpp:376
[Child 39096, MediaDecoderStateMachine #1] WARNING: Decoder=7f6df6358c00 Decode error: NS_ERROR_DOM_MEDIA_METADATA_ERR (0x806e0006) - static MP4Metadata::ResultAndByteBuffer mozilla::MP4Metadata::Metadata(mozilla::ByteStream *): Cannot parse metadata: file /build/firefox-m6W5sP/firefox-83.0+build2/dom/media/MediaDecoderStateMachine.cpp:3471
1607025024531	geckodriver	INFO	Listening on 127.0.0.1:56409
1607025024537	mozrunner::runner	INFO	Running command: "/usr/bin/firefox" "--marionette" "-foreground" "-no-remote" "-profile" "/tmp/rust_mozprofilenwO0DF"
Gtk-Message: 22:50:24.560: Failed to load module "pantheon-filechooser-module"
Gtk-Message: 22:50:26.347: Failed to load module "pantheon-filechooser-module"
Gtk-Message: 22:50:26.525: Failed to load module "pantheon-filechooser-module"
console.warn: SearchSettings: "get: No settings file exists, new profile?" (new Error("", "(unknown module)"))
Gtk-Message: 22:50:27.624: Failed to load module "pantheon-filechooser-module"
1607025027743	Marionette	INFO	Listening on port 33739
1607025027780	Marionette	WARN	TLS certificate errors will be ignored for this session
[Child 39524, MediaDecoderStateMachine #1] WARNING: Decoder=7f58dcc96800 state=DECODING_METADATA Decode metadata failed, shutting down decoder: file /build/firefox-m6W5sP/firefox-83.0+build2/dom/media/MediaDecoderStateMachine.cpp:376
[Child 39524, MediaDecoderStateMachine #1] WARNING: Decoder=7f58dcc96800 Decode error: NS_ERROR_DOM_MEDIA_METADATA_ERR (0x806e0006) - static MP4Metadata::ResultAndByteBuffer mozilla::MP4Metadata::Metadata(mozilla::ByteStream *): Cannot parse metadata: file /build/firefox-m6W5sP/firefox-83.0+build2/dom/media/MediaDecoderStateMachine.cpp:3471
1607025166080	Marionette	INFO	Stopped listening on port 36427
1607025167617	Marionette	INFO	Stopped listening on port 44115
1607025169174	Marionette	INFO	Stopped listening on port 33739
1607026185247	geckodriver	INFO	Listening on 127.0.0.1:55225
1607026185253	mozrunner::runner	INFO	Running command: "/usr/bin/firefox" "--marionette" "-foreground" "-no-remote" "-profile" "/tmp/rust_mozprofilel8nRAd"
Gtk-Message: 23:09:45.275: Failed to load module "pantheon-filechooser-module"
Gtk-Message: 23:09:46.189: Failed to load module "pantheon-filechooser-module"
Gtk-Message: 23:09:46.379: Failed to load module "pantheon-filechooser-module"
console.warn: SearchSettings: "get: No settings file exists, new profile?" (new Error("", "(unknown module)"))
Gtk-Message: 23:09:47.283: Failed to load module "pantheon-filechooser-module"
1607026187397	Marionette	INFO	Listening on port 33131
1607026187477	Marionette	WARN	TLS certificate errors will be ignored for this session
JavaScript warning: https://code.jquery.com/jquery-1.10.2.min.js, line 2: Using //@ to indicate sourceMappingURL pragmas is deprecated. Use //# instead
JavaScript error: resource://gre/actors/PictureInPictureChild.jsm, line 280: InvalidStateError: An attempt was made to use an object that is not, or is no longer, usable
[Child 41884, MediaDecoderStateMachine #1] WARNING: Decoder=7fb6aa216c00 state=DECODING_METADATA Decode metadata failed, shutting down decoder: file /build/firefox-m6W5sP/firefox-83.0+build2/dom/media/MediaDecoderStateMachine.cpp:376
[Child 41884, MediaDecoderStateMachine #1] WARNING: Decoder=7fb6aa216c00 Decode error: NS_ERROR_DOM_MEDIA_METADATA_ERR (0x806e0006) - static MP4Metadata::ResultAndByteBuffer mozilla::MP4Metadata::Metadata(mozilla::ByteStream *): Cannot parse metadata: file /build/firefox-m6W5sP/firefox-83.0+build2/dom/media/MediaDecoderStateMachine.cpp:3471
[Child 41884, MediaDecoderStateMachine #1] WARNING: Decoder=7fb6bd391400 state=DECODING_METADATA Decode metadata failed, shutting down decoder: file /build/firefox-m6W5sP/firefox-83.0+build2/dom/media/MediaDecoderStateMachine.cpp:376
[Child 41884, MediaDecoderStateMachine #1] WARNING: Decoder=7fb6bd391400 Decode error: NS_ERROR_DOM_MEDIA_METADATA_ERR (0x806e0006) - static MP4Metadata::ResultAndByteBuffer mozilla::MP4Metadata::Metadata(mozilla::ByteStream *): Cannot parse metadata: file /build/firefox-m6W5sP/firefox-83.0+build2/dom/media/MediaDecoderStateMachine.cpp:3471
[Child 41884, MediaDecoderStateMachine #1] WARNING: Decoder=7fb6ae11c400 state=DECODING_METADATA Decode metadata failed, shutting down decoder: file /build/firefox-m6W5sP/firefox-83.0+build2/dom/media/MediaDecoderStateMachine.cpp:376
[Child 41884, MediaDecoderStateMachine #1] WARNING: Decoder=7fb6ae11c400 Decode error: NS_ERROR_DOM_MEDIA_METADATA_ERR (0x806e0006) - static MP4Metadata::ResultAndByteBuffer mozilla::MP4Metadata::Metadata(mozilla::ByteStream *): Cannot parse metadata: file /build/firefox-m6W5sP/firefox-83.0+build2/dom/media/MediaDecoderStateMachine.cpp:3471
1607026630455	geckodriver	INFO	Listening on 127.0.0.1:46067
1607026630460	mozrunner::runner	INFO	Running command: "/usr/bin/firefox" "--marionette" "-foreground" "-no-remote" "-profile" "/tmp/rust_mozprofilewjJA8S"
Gtk-Message: 23:17:10.483: Failed to load module "pantheon-filechooser-module"
Gtk-Message: 23:17:11.406: Failed to load module "pantheon-filechooser-module"
Gtk-Message: 23:17:11.612: Failed to load module "pantheon-filechooser-module"
console.warn: SearchSettings: "get: No settings file exists, new profile?" (new Error("", "(unknown module)"))
Gtk-Message: 23:17:12.525: Failed to load module "pantheon-filechooser-module"
1607026632647	Marionette	INFO	Listening on port 35355
1607026632685	Marionette	WARN	TLS certificate errors will be ignored for this session
1607026691530	geckodriver	INFO	Listening on 127.0.0.1:59103
1607026691536	mozrunner::runner	INFO	Running command: "/usr/bin/firefox" "--marionette" "-foreground" "-no-remote" "-profile" "/tmp/rust_mozprofileisAyBw"
Gtk-Message: 23:18:11.569: Failed to load module "pantheon-filechooser-module"
Gtk-Message: 23:18:12.978: Failed to load module "pantheon-filechooser-module"
Gtk-Message: 23:18:13.172: Failed to load module "pantheon-filechooser-module"
console.warn: SearchSettings: "get: No settings file exists, new profile?" (new Error("", "(unknown module)"))
Gtk-Message: 23:18:14.203: Failed to load module "pantheon-filechooser-module"
1607026694290	Marionette	INFO	Listening on port 45955
1607026694370	Marionette	WARN	TLS certificate errors will be ignored for this session
[Child 43591, MediaDecoderStateMachine #1] WARNING: Decoder=7f70df1f4000 state=DECODING_METADATA Decode metadata failed, shutting down decoder: file /build/firefox-m6W5sP/firefox-83.0+build2/dom/media/MediaDecoderStateMachine.cpp:376
[Child 43591, MediaDecoderStateMachine #1] WARNING: Decoder=7f70df1f4000 Decode error: NS_ERROR_DOM_MEDIA_METADATA_ERR (0x806e0006) - static MP4Metadata::ResultAndByteBuffer mozilla::MP4Metadata::Metadata(mozilla::ByteStream *): Cannot parse metadata: file /build/firefox-m6W5sP/firefox-83.0+build2/dom/media/MediaDecoderStateMachine.cpp:3471
1607026723938	Marionette	INFO	Stopped listening on port 45955
1607026770218	Marionette	INFO	Stopped listening on port 33131
1607026771651	Marionette	INFO	Stopped listening on port 35355
1607027109285	geckodriver	INFO	Listening on 127.0.0.1:40147
1607027109290	mozrunner::runner	INFO	Running command: "/usr/bin/firefox" "--marionette" "-foreground" "-no-remote" "-profile" "/tmp/rust_mozprofileqhd0Tj"
Gtk-Message: 23:25:09.321: Failed to load module "pantheon-filechooser-module"
Gtk-Message: 23:25:10.297: Failed to load module "pantheon-filechooser-module"
Gtk-Message: 23:25:10.488: Failed to load module "pantheon-filechooser-module"
console.warn: SearchSettings: "get: No settings file exists, new profile?" (new Error("", "(unknown module)"))
Gtk-Message: 23:25:11.410: Failed to load module "pantheon-filechooser-module"
1607027111534	Marionette	INFO	Listening on port 36391
1607027111643	Marionette	WARN	TLS certificate errors will be ignored for this session
1607027142074	Marionette	INFO	Stopped listening on port 36391
1607027311737	geckodriver	INFO	Listening on 127.0.0.1:53665
1607027311742	mozrunner::runner	INFO	Running command: "/usr/bin/firefox" "--marionette" "-foreground" "-no-remote" "-profile" "/tmp/rust_mozprofileiQa6gL"
Gtk-Message: 23:28:31.764: Failed to load module "pantheon-filechooser-module"
Gtk-Message: 23:28:32.675: Failed to load module "pantheon-filechooser-module"
Gtk-Message: 23:28:32.857: Failed to load module "pantheon-filechooser-module"
console.warn: SearchSettings: "get: No settings file exists, new profile?" (new Error("", "(unknown module)"))
Gtk-Message: 23:28:33.958: Failed to load module "pantheon-filechooser-module"
1607027314083	Marionette	INFO	Listening on port 39057
1607027314169	Marionette	WARN	TLS certificate errors will be ignored for this session
1607027356974	Marionette	INFO	Stopped listening on port 39057
1607027374623	geckodriver	INFO	Listening on 127.0.0.1:45641
1607027374632	mozrunner::runner	INFO	Running command: "/usr/bin/firefox" "--marionette" "-foreground" "-no-remote" "-profile" "/tmp/rust_mozprofile8JNBaV"
Gtk-Message: 23:29:34.659: Failed to load module "pantheon-filechooser-module"
Gtk-Message: 23:29:35.554: Failed to load module "pantheon-filechooser-module"
Gtk-Message: 23:29:35.735: Failed to load module "pantheon-filechooser-module"
console.warn: SearchSettings: "get: No settings file exists, new profile?" (new Error("", "(unknown module)"))
Gtk-Message: 23:29:36.593: Failed to load module "pantheon-filechooser-module"
1607027376743	Marionette	INFO	Listening on port 46041
1607027376858	Marionette	WARN	TLS certificate errors will be ignored for this session
Exiting due to channel error.
Exiting due to channel error.
Exiting due to channel error.
1607027812731	geckodriver	INFO	Listening on 127.0.0.1:60845
1607027812744	mozrunner::runner	INFO	Running command: "/usr/bin/firefox" "--marionette" "-foreground" "-no-remote" "-profile" "/tmp/rust_mozprofileFsmSGh"
Gtk-Message: 23:36:52.780: Failed to load module "pantheon-filechooser-module"
Gtk-Message: 23:36:53.746: Failed to load module "pantheon-filechooser-module"
Gtk-Message: 23:36:54.005: Failed to load module "pantheon-filechooser-module"
console.warn: SearchSettings: "get: No settings file exists, new profile?" (new Error("", "(unknown module)"))
Gtk-Message: 23:36:54.991: Failed to load module "pantheon-filechooser-module"
1607027815152	Marionette	INFO	Listening on port 37391
1607027815270	Marionette	WARN	TLS certificate errors will be ignored for this session
1607027815326	Marionette	INFO	Stopped listening on port 37391
console.warn: services.settings: main/cfr sync interrupted by shutdown
1607027860737	geckodriver	INFO	Listening on 127.0.0.1:50755
1607027860753	mozrunner::runner	INFO	Running command: "/usr/bin/firefox" "--marionette" "-foreground" "-no-remote" "-profile" "/tmp/rust_mozprofileh8Tnnx"
Gtk-Message: 23:37:40.783: Failed to load module "pantheon-filechooser-module"
Gtk-Message: 23:37:41.729: Failed to load module "pantheon-filechooser-module"
Gtk-Message: 23:37:41.971: Failed to load module "pantheon-filechooser-module"
console.warn: SearchSettings: "get: No settings file exists, new profile?" (new Error("", "(unknown module)"))
Gtk-Message: 23:37:42.922: Failed to load module "pantheon-filechooser-module"
1607027863022	Marionette	INFO	Listening on port 44047
1607027863086	Marionette	WARN	TLS certificate errors will be ignored for this session
1607027863120	Marionette	INFO	Stopped listening on port 44047
console.warn: services.settings: main/cfr sync interrupted by shutdown
1607027891090	geckodriver	INFO	Listening on 127.0.0.1:34959
1607027891099	mozrunner::runner	INFO	Running command: "/usr/bin/firefox" "--marionette" "-foreground" "-no-remote" "-profile" "/tmp/rust_mozprofilegVno1V"
Gtk-Message: 23:38:11.139: Failed to load module "pantheon-filechooser-module"
Gtk-Message: 23:38:12.056: Failed to load module "pantheon-filechooser-module"
Gtk-Message: 23:38:12.236: Failed to load module "pantheon-filechooser-module"
console.warn: SearchSettings: "get: No settings file exists, new profile?" (new Error("", "(unknown module)"))
Gtk-Message: 23:38:13.146: Failed to load module "pantheon-filechooser-module"
1607027893250	Marionette	INFO	Listening on port 39847
1607027893334	Marionette	WARN	TLS certificate errors will be ignored for this session
1607027893373	Marionette	INFO	Stopped listening on port 39847
console.warn: services.settings: main/cfr-fxa sync interrupted by shutdown
1607027917127	geckodriver	INFO	Listening on 127.0.0.1:36989
1607027917139	mozrunner::runner	INFO	Running command: "/usr/bin/firefox" "--marionette" "-foreground" "-no-remote" "-profile" "/tmp/rust_mozprofilemVJlOn"
Gtk-Message: 23:38:37.170: Failed to load module "pantheon-filechooser-module"
Gtk-Message: 23:38:38.134: Failed to load module "pantheon-filechooser-module"
Gtk-Message: 23:38:38.309: Failed to load module "pantheon-filechooser-module"
console.warn: SearchSettings: "get: No settings file exists, new profile?" (new Error("", "(unknown module)"))
Gtk-Message: 23:38:39.374: Failed to load module "pantheon-filechooser-module"
1607027919516	Marionette	INFO	Listening on port 40355
1607027919568	Marionette	WARN	TLS certificate errors will be ignored for this session
1607027919614	Marionette	INFO	Stopped listening on port 40355
console.error: services.settings: 
  main/cfr Signature failed  TypeError: NetworkError when attempting to fetch resource.
1607027945628	geckodriver	INFO	Listening on 127.0.0.1:32831
1607027945634	mozrunner::runner	INFO	Running command: "/usr/bin/firefox" "--marionette" "-foreground" "-no-remote" "-profile" "/tmp/rust_mozprofilecFXGN5"
Gtk-Message: 23:39:05.665: Failed to load module "pantheon-filechooser-module"
Gtk-Message: 23:39:06.621: Failed to load module "pantheon-filechooser-module"
Gtk-Message: 23:39:06.802: Failed to load module "pantheon-filechooser-module"
console.warn: SearchSettings: "get: No settings file exists, new profile?" (new Error("", "(unknown module)"))
Gtk-Message: 23:39:07.765: Failed to load module "pantheon-filechooser-module"
1607027947903	Marionette	INFO	Listening on port 44633
1607027947958	Marionette	WARN	TLS certificate errors will be ignored for this session
1607027947996	Marionette	INFO	Stopped listening on port 44633
console.error: services.settings: 
  main/cfr Signature failed  TypeError: NetworkError when attempting to fetch resource.
1607027970687	geckodriver	INFO	Listening on 127.0.0.1:57955
1607027970696	mozrunner::runner	INFO	Running command: "/usr/bin/firefox" "--marionette" "-foreground" "-no-remote" "-profile" "/tmp/rust_mozprofilePUTl0i"
Gtk-Message: 23:39:30.727: Failed to load module "pantheon-filechooser-module"
Gtk-Message: 23:39:31.668: Failed to load module "pantheon-filechooser-module"
Gtk-Message: 23:39:31.883: Failed to load module "pantheon-filechooser-module"
console.warn: SearchSettings: "get: No settings file exists, new profile?" (new Error("", "(unknown module)"))
Gtk-Message: 23:39:33.257: Failed to load module "pantheon-filechooser-module"
1607027973427	Marionette	INFO	Listening on port 37967
1607027973534	Marionette	WARN	TLS certificate errors will be ignored for this session
1607027973569	Marionette	INFO	Stopped listening on port 37967
1607028001221	geckodriver	INFO	Listening on 127.0.0.1:43485
1607028001234	mozrunner::runner	INFO	Running command: "/usr/bin/firefox" "--marionette" "-foreground" "-no-remote" "-profile" "/tmp/rust_mozprofilepomRyb"
Gtk-Message: 23:40:01.270: Failed to load module "pantheon-filechooser-module"
Gtk-Message: 23:40:02.192: Failed to load module "pantheon-filechooser-module"
Gtk-Message: 23:40:02.392: Failed to load module "pantheon-filechooser-module"
console.warn: SearchSettings: "get: No settings file exists, new profile?" (new Error("", "(unknown module)"))
Gtk-Message: 23:40:03.280: Failed to load module "pantheon-filechooser-module"
1607028003455	Marionette	INFO	Listening on port 46167
1607028003566	Marionette	WARN	TLS certificate errors will be ignored for this session
1607028003614	Marionette	INFO	Stopped listening on port 46167
1607028048774	geckodriver	INFO	Listening on 127.0.0.1:41991
1607028048779	mozrunner::runner	INFO	Running command: "/usr/bin/firefox" "--marionette" "-foreground" "-no-remote" "-profile" "/tmp/rust_mozprofilet7H8KK"
Gtk-Message: 23:40:48.806: Failed to load module "pantheon-filechooser-module"
Gtk-Message: 23:40:49.721: Failed to load module "pantheon-filechooser-module"
Gtk-Message: 23:40:49.900: Failed to load module "pantheon-filechooser-module"
console.warn: SearchSettings: "get: No settings file exists, new profile?" (new Error("", "(unknown module)"))
Gtk-Message: 23:40:50.902: Failed to load module "pantheon-filechooser-module"
1607028051025	Marionette	INFO	Listening on port 36723
1607028051114	Marionette	WARN	TLS certificate errors will be ignored for this session
[Child 49777, MediaDecoderStateMachine #1] WARNING: Decoder=7f6f30f3c800 state=DECODING_METADATA Decode metadata failed, shutting down decoder: file /build/firefox-m6W5sP/firefox-83.0+build2/dom/media/MediaDecoderStateMachine.cpp:376
[Child 49777, MediaDecoderStateMachine #1] WARNING: Decoder=7f6f30f3c800 Decode error: NS_ERROR_DOM_MEDIA_METADATA_ERR (0x806e0006) - static MP4Metadata::ResultAndByteBuffer mozilla::MP4Metadata::Metadata(mozilla::ByteStream *): Cannot parse metadata: file /build/firefox-m6W5sP/firefox-83.0+build2/dom/media/MediaDecoderStateMachine.cpp:3471
JavaScript error: https://bavard-widget-prod.web.app/widget.bundle.js, line 2: Error: NetworkError when attempting to fetch resource.
JavaScript error: https://bavard-widget-prod.web.app/widget.bundle.js, line 2: Error: NetworkError when attempting to fetch resource.
1607028081397	Marionette	INFO	Stopped listening on port 36723
1607028098409	geckodriver	INFO	Listening on 127.0.0.1:51895
1607028098414	mozrunner::runner	INFO	Running command: "/usr/bin/firefox" "--marionette" "-foreground" "-no-remote" "-profile" "/tmp/rust_mozprofileXmpnsa"
Gtk-Message: 23:41:38.438: Failed to load module "pantheon-filechooser-module"
Gtk-Message: 23:41:39.473: Failed to load module "pantheon-filechooser-module"
Gtk-Message: 23:41:39.697: Failed to load module "pantheon-filechooser-module"
console.warn: SearchSettings: "get: No settings file exists, new profile?" (new Error("", "(unknown module)"))
Gtk-Message: 23:41:40.874: Failed to load module "pantheon-filechooser-module"
1607028100997	Marionette	INFO	Listening on port 36191
1607028101062	Marionette	WARN	TLS certificate errors will be ignored for this session
JavaScript error: https://bavard-widget-prod.web.app/widget.bundle.js, line 2: Error: NetworkError when attempting to fetch resource.
[Child 50145, MediaDecoderStateMachine #1] WARNING: Decoder=7f6bec126800 state=DECODING_METADATA Decode metadata failed, shutting down decoder: file /build/firefox-m6W5sP/firefox-83.0+build2/dom/media/MediaDecoderStateMachine.cpp:376
[Child 50145, MediaDecoderStateMachine #1] WARNING: Decoder=7f6bec126800 Decode error: NS_ERROR_DOM_MEDIA_METADATA_ERR (0x806e0006) - static MP4Metadata::ResultAndByteBuffer mozilla::MP4Metadata::Metadata(mozilla::ByteStream *): Cannot parse metadata: file /build/firefox-m6W5sP/firefox-83.0+build2/dom/media/MediaDecoderStateMachine.cpp:3471
1607028128714	Marionette	INFO	Stopped listening on port 36191
